[24Oct2025 18:50:07.186] [main/INFO] [cpw.mods.modlauncher.Launcher/MODLAUNCHER]: ModLauncher running: args [--launchTarget, forgeclientdev, --version, 21.1.213, --assetIndex, 17, --assetsDir, /Users/zhaohuijiang/.gradle/caches/neoformruntime/assets, --gameDir, ., --fml.fmlVersion, 4.0.42, --fml.mcVersion, 1.21.1, --fml.neoForgeVersion, 21.1.213, --fml.neoFormVersion, 20240808.144430]
[24Oct2025 18:50:07.190] [main/INFO] [cpw.mods.modlauncher.Launcher/MODLAUNCHER]: JVM identified as Eclipse Adoptium OpenJDK 64-Bit Server VM 21.0.8+9-LTS
[24Oct2025 18:50:07.192] [main/INFO] [cpw.mods.modlauncher.Launcher/MODLAUNCHER]: ModLauncher 11.0.5+main.901c6ea8 starting: java version 21.0.8 by Eclipse Adoptium; OS Mac OS X arch x86_64 version 13.6.6
[24Oct2025 18:50:07.555] [main/INFO] [net.neoforged.fml.loading.ImmediateWindowHandler/]: Loading ImmediateWindowProvider fmlearlywindow
[24Oct2025 18:50:07.978] [main/INFO] [EARLYDISPLAY/]: Trying GL version 4.6
[24Oct2025 18:50:08.062] [main/INFO] [EARLYDISPLAY/]: Trying GL version 4.5
[24Oct2025 18:50:08.085] [main/INFO] [EARLYDISPLAY/]: Trying GL version 4.4
[24Oct2025 18:50:08.103] [main/INFO] [EARLYDISPLAY/]: Trying GL version 4.3
[24Oct2025 18:50:08.138] [main/INFO] [EARLYDISPLAY/]: Trying GL version 4.2
[24Oct2025 18:50:08.161] [main/INFO] [EARLYDISPLAY/]: Trying GL version 4.1
[24Oct2025 18:50:08.180] [main/INFO] [EARLYDISPLAY/]: Requested GL version 4.1 got version 4.1
[24Oct2025 18:50:08.702] [main/INFO] [mixin/]: SpongePowered MIXIN Subsystem Version=0.8.7 Source=union:/Users/zhaohuijiang/.gradle/caches/modules-2/files-2.1/net.fabricmc/sponge-mixin/0.15.2+mixin.0.8.7/2af2f021d8e02a0220dc27a7a72b4666d66d44ca/sponge-mixin-0.15.2+mixin.0.8.7.jar%23132!/ Service=ModLauncher Env=CLIENT
[24Oct2025 18:50:09.225] [pool-2-thread-1/INFO] [EARLYDISPLAY/]: GL info: Intel(R) Iris(TM) Plus Graphics 640 GL version 4.1 INTEL-20.7.2, Intel Inc.
[24Oct2025 18:50:09.429] [main/INFO] [net.neoforged.fml.loading.moddiscovery.locators.JarInJarDependencyLocator/]: Found 2 dependencies adding them to mods collection
[24Oct2025 18:50:09.433] [main/INFO] [net.neoforged.fml.loading.moddiscovery.ModDiscoverer/]: 
     Mod List:
		Name Version (Mod Id)

		Create 6.0.6 (create)
		Flywheel 1.0.4 (flywheel)
		HSBR 1.0.0 (hsbr)
		Minecraft 1.21.1 (minecraft)
		NeoForge 21.1.213 (neoforge)
		Ponder 1.0.59 (ponder)
[24Oct2025 18:50:10.907] [main/INFO] [mixin/]: Compatibility level set to JAVA_21
[24Oct2025 18:50:10.933] [main/INFO] [cpw.mods.modlauncher.LaunchServiceHandler/MODLAUNCHER]: Launching target 'forgeclientdev' with arguments [--version, 21.1.213, --gameDir, ., --assetsDir, /Users/zhaohuijiang/.gradle/caches/neoformruntime/assets, --assetIndex, 17]
[24Oct2025 18:50:11.004] [main/WARN] [mixin/]: Reference map 'hsbr.refmap.json' for hsbr.mixins.json could not be read. If this is a development environment you can ignore this message
[24Oct2025 18:50:11.005] [main/WARN] [mixin/]: Reference map 'ponder.refmap.json' for ponder.mixins.json could not be read. If this is a development environment you can ignore this message
[24Oct2025 18:50:11.005] [main/WARN] [mixin/]: Reference map 'ponder.refmap.json' for ponder-common.mixins.json could not be read. If this is a development environment you can ignore this message
[24Oct2025 18:50:11.006] [main/WARN] [mixin/]: Reference map 'create.refmap.json' for create.mixins.json could not be read. If this is a development environment you can ignore this message
[24Oct2025 18:50:12.849] [main/INFO] [MixinExtras|Service/]: Initializing MixinExtras via com.llamalad7.mixinextras.service.MixinExtrasServiceImpl(version=0.5.0).
[24Oct2025 18:50:17.038] [Datafixer Bootstrap/INFO] [com.mojang.datafixers.DataFixerBuilder/]: 229 Datafixer optimizations took 1046 milliseconds
[24Oct2025 18:50:29.300] [main/WARN] [net.minecraft.commands.Commands/]: Ambiguity between arguments [teleport, location] and [teleport, destination] with inputs: [0.1 -0.5 .9, 0 0 0]
[24Oct2025 18:50:29.303] [main/WARN] [net.minecraft.commands.Commands/]: Ambiguity between arguments [teleport, location] and [teleport, targets] with inputs: [0.1 -0.5 .9, 0 0 0]
[24Oct2025 18:50:29.310] [main/WARN] [net.minecraft.commands.Commands/]: Ambiguity between arguments [teleport, destination] and [teleport, targets] with inputs: [Player, 0123, @e, dd12be42-52a9-4a91-a8a1-11c01849e498]
[24Oct2025 18:50:29.313] [main/WARN] [net.minecraft.commands.Commands/]: Ambiguity between arguments [teleport, targets] and [teleport, destination] with inputs: [Player, 0123, dd12be42-52a9-4a91-a8a1-11c01849e498]
[24Oct2025 18:50:29.315] [main/WARN] [net.minecraft.commands.Commands/]: Ambiguity between arguments [teleport, targets, location] and [teleport, targets, destination] with inputs: [0.1 -0.5 .9, 0 0 0]
[24Oct2025 18:50:29.717] [Render thread/WARN] [net.minecraft.server.packs.VanillaPackResourcesBuilder/]: Assets URL 'union:/Users/zhaohuijiang/IdeaProjects/HypixelSBMod/build/moddev/artifacts/neoforge-21.1.213.jar%23184!/assets/.mcassetsroot' uses unexpected schema
[24Oct2025 18:50:29.718] [Render thread/WARN] [net.minecraft.server.packs.VanillaPackResourcesBuilder/]: Assets URL 'union:/Users/zhaohuijiang/IdeaProjects/HypixelSBMod/build/moddev/artifacts/neoforge-21.1.213.jar%23184!/data/.mcassetsroot' uses unexpected schema
[24Oct2025 18:50:29.800] [Render thread/INFO] [com.mojang.authlib.yggdrasil.YggdrasilAuthenticationService/]: Environment: Environment[sessionHost=https://sessionserver.mojang.com, servicesHost=https://api.minecraftservices.com, name=PROD]
[24Oct2025 18:50:29.812] [Render thread/INFO] [net.minecraft.client.Minecraft/]: Setting user: Dev
[24Oct2025 18:50:30.055] [Render thread/INFO] [net.minecraft.client.Minecraft/]: Backend library: LWJGL version 3.3.3+5
[24Oct2025 18:50:31.007] [modloading-worker-0/INFO] [net.neoforged.neoforge.common.NeoForgeMod/NEOFORGE-MOD]: NeoForge mod loading, version 21.1.213, for MC 1.21.1
[24Oct2025 18:50:31.105] [modloading-worker-0/INFO] [com.simibubi.create.Create/]: Create 6.0.6 initializing! Commit hash: 20ad05b5e525166018d21e88c96986f867c7088f
[24Oct2025 18:50:40.701] [Render thread/INFO] [net.neoforged.neoforge.gametest.GameTestHooks/]: Enabled Gametest Namespaces: [hsbr]
[24Oct2025 18:50:41.250] [Render thread/INFO] [net.minecraft.server.packs.resources.ReloadableResourceManager/]: Reloading ResourceManager: vanilla, mod_resources, mod/flywheel, mod/hsbr, mod/ponder, mod/create, mod/neoforge
[24Oct2025 18:50:41.566] [Worker-Main-2/INFO] [net.minecraft.client.gui.font.providers.UnihexProvider/]: Found unifont_all_no_pua-15.1.05.hex, loading
[24Oct2025 18:50:43.079] [Worker-Main-2/INFO] [net.minecraft.client.gui.font.providers.UnihexProvider/]: Found unifont_jp_patch-15.1.05.hex, loading
[24Oct2025 18:50:48.161] [Worker-Main-2/INFO] [PonderIndex/]: Registering Ponder Scenes took 133.2 ms
[24Oct2025 18:50:48.170] [Worker-Main-2/INFO] [PonderIndex/]: Registering Ponder Tags took 8.268 ms
[24Oct2025 18:50:48.339] [Render thread/WARN] [net.minecraft.client.sounds.SoundEngine/]: Missing sound for event: minecraft:item.goat_horn.play
[24Oct2025 18:50:48.340] [Render thread/WARN] [net.minecraft.client.sounds.SoundEngine/]: Missing sound for event: minecraft:entity.goat.screaming.horn_break
[24Oct2025 18:50:48.624] [Render thread/INFO] [com.mojang.blaze3d.audio.Library/]: OpenAL initialized on device Built-in Output
[24Oct2025 18:50:48.626] [Render thread/INFO] [net.minecraft.client.sounds.SoundEngine/SOUNDS]: Sound engine started
[24Oct2025 18:50:48.804] [Render thread/INFO] [net.minecraft.client.renderer.texture.TextureAtlas/]: Created: 2048x1024x4 minecraft:textures/atlas/blocks.png-atlas
[24Oct2025 18:50:48.831] [Render thread/INFO] [net.minecraft.client.renderer.texture.TextureAtlas/]: Created: 256x256x4 minecraft:textures/atlas/signs.png-atlas
[24Oct2025 18:50:48.832] [Render thread/INFO] [net.minecraft.client.renderer.texture.TextureAtlas/]: Created: 512x512x4 minecraft:textures/atlas/shield_patterns.png-atlas
[24Oct2025 18:50:48.833] [Render thread/INFO] [net.minecraft.client.renderer.texture.TextureAtlas/]: Created: 512x512x4 minecraft:textures/atlas/banner_patterns.png-atlas
[24Oct2025 18:50:48.835] [Render thread/INFO] [net.minecraft.client.renderer.texture.TextureAtlas/]: Created: 2048x1024x4 minecraft:textures/atlas/armor_trims.png-atlas
[24Oct2025 18:50:48.848] [Render thread/INFO] [net.minecraft.client.renderer.texture.TextureAtlas/]: Created: 128x64x4 minecraft:textures/atlas/decorated_pot.png-atlas
[24Oct2025 18:50:48.849] [Render thread/INFO] [net.minecraft.client.renderer.texture.TextureAtlas/]: Created: 256x256x4 minecraft:textures/atlas/chest.png-atlas
[24Oct2025 18:50:48.849] [Render thread/INFO] [net.minecraft.client.renderer.texture.TextureAtlas/]: Created: 512x256x4 minecraft:textures/atlas/shulker_boxes.png-atlas
[24Oct2025 18:50:48.850] [Render thread/INFO] [net.minecraft.client.renderer.texture.TextureAtlas/]: Created: 512x256x4 minecraft:textures/atlas/beds.png-atlas
[24Oct2025 18:50:48.942] [Render thread/INFO] [net.minecraft.client.renderer.texture.TextureAtlas/]: Created: 512x256x0 minecraft:textures/atlas/particles.png-atlas
[24Oct2025 18:50:48.947] [Render thread/INFO] [net.minecraft.client.renderer.texture.TextureAtlas/]: Created: 512x256x0 minecraft:textures/atlas/paintings.png-atlas
[24Oct2025 18:50:48.948] [Render thread/INFO] [net.minecraft.client.renderer.texture.TextureAtlas/]: Created: 256x128x0 minecraft:textures/atlas/mob_effects.png-atlas
[24Oct2025 18:50:48.949] [Render thread/INFO] [net.minecraft.client.renderer.texture.TextureAtlas/]: Created: 64x64x0 minecraft:textures/atlas/map_decorations.png-atlas
[24Oct2025 18:50:48.949] [Render thread/INFO] [net.minecraft.client.renderer.texture.TextureAtlas/]: Created: 1024x512x0 minecraft:textures/atlas/gui.png-atlas
[24Oct2025 18:50:49.068] [Render thread/WARN] [net.minecraft.client.renderer.ShaderInstance/]: Shader rendertype_entity_translucent_emissive could not find sampler named Sampler2 in the specified shader program.
[24Oct2025 18:50:49.297] [Render thread/INFO] [flywheel/backend/shaders/]: Loaded 77 shader sources in 56.525 ms
[24Oct2025 18:50:49.329] [Render thread/INFO] [com.simibubi.create.Create/]: Loaded 58 train hat configurations.
[24Oct2025 18:50:49.330] [Render thread/INFO] [net.neoforged.neoforge.client.entity.animation.json.AnimationLoader/]: Loaded 0 entity animations
[24Oct2025 18:50:53.729] [Render thread/INFO] [net.minecraft.client.Minecraft/]: Stopping!
